[2023-08-01 16:51:03.136] [info] Loaded model LaiUhlrich2022 from file I:\Shared drives\HPL_MASPL\ProcessedData\LaiUhlrich2022_marked.osim
[2023-08-01 16:51:03.137] [warning] Couldn't find file 'r_pelvis.vtp'.
[2023-08-01 16:51:03.138] [warning] Couldn't find file 'l_pelvis.vtp'.
[2023-08-01 16:51:03.140] [warning] Couldn't find file 'sacrum.vtp'.
[2023-08-01 16:51:03.140] [warning] Couldn't find file 'r_femur.vtp'.
[2023-08-01 16:51:03.140] [warning] Couldn't find file 'r_tibia.vtp'.
[2023-08-01 16:51:03.141] [warning] Couldn't find file 'r_fibula.vtp'.
[2023-08-01 16:51:03.141] [warning] Couldn't find file 'r_patella.vtp'.
[2023-08-01 16:51:03.141] [warning] Couldn't find file 'r_talus.vtp'.
[2023-08-01 16:51:03.141] [warning] Couldn't find file 'r_foot.vtp'.
[2023-08-01 16:51:03.142] [warning] Couldn't find file 'r_bofoot.vtp'.
[2023-08-01 16:51:03.143] [warning] Couldn't find file 'l_femur.vtp'.
[2023-08-01 16:51:03.143] [warning] Couldn't find file 'l_tibia.vtp'.
[2023-08-01 16:51:03.143] [warning] Couldn't find file 'l_fibula.vtp'.
[2023-08-01 16:51:03.143] [warning] Couldn't find file 'l_patella.vtp'.
[2023-08-01 16:51:03.144] [warning] Couldn't find file 'l_talus.vtp'.
[2023-08-01 16:51:03.144] [warning] Couldn't find file 'l_foot.vtp'.
[2023-08-01 16:51:03.144] [warning] Couldn't find file 'l_bofoot.vtp'.
[2023-08-01 16:51:03.144] [warning] Couldn't find file 'hat_spine.vtp'.
[2023-08-01 16:51:03.144] [warning] Couldn't find file 'hat_jaw.vtp'.
[2023-08-01 16:51:03.145] [warning] Couldn't find file 'hat_skull.vtp'.
[2023-08-01 16:51:03.146] [warning] Couldn't find file 'hat_ribs_scap.vtp'.
[2023-08-01 16:51:03.147] [warning] Couldn't find file 'humerus_rv.vtp'.
[2023-08-01 16:51:03.148] [warning] Couldn't find file 'ulna_rv.vtp'.
[2023-08-01 16:51:03.149] [warning] Couldn't find file 'radius_rv.vtp'.
[2023-08-01 16:51:03.150] [warning] Couldn't find file 'pisiform_rvs.vtp'.
[2023-08-01 16:51:03.151] [warning] Couldn't find file 'lunate_rvs.vtp'.
[2023-08-01 16:51:03.153] [warning] Couldn't find file 'scaphoid_rvs.vtp'.
[2023-08-01 16:51:03.154] [warning] Couldn't find file 'triquetrum_rvs.vtp'.
[2023-08-01 16:51:03.154] [warning] Couldn't find file 'hamate_rvs.vtp'.
[2023-08-01 16:51:03.155] [warning] Couldn't find file 'capitate_rvs.vtp'.
[2023-08-01 16:51:03.155] [warning] Couldn't find file 'trapezoid_rvs.vtp'.
[2023-08-01 16:51:03.156] [warning] Couldn't find file 'trapezium_rvs.vtp'.
[2023-08-01 16:51:03.156] [warning] Couldn't find file 'metacarpal2_rvs.vtp'.
[2023-08-01 16:51:03.156] [warning] Couldn't find file 'index_proximal_rvs.vtp'.
[2023-08-01 16:51:03.157] [warning] Couldn't find file 'index_medial_rvs.vtp'.
[2023-08-01 16:51:03.157] [warning] Couldn't find file 'index_distal_rvs.vtp'.
[2023-08-01 16:51:03.157] [warning] Couldn't find file 'metacarpal3_rvs.vtp'.
[2023-08-01 16:51:03.158] [warning] Couldn't find file 'middle_proximal_rvs.vtp'.
[2023-08-01 16:51:03.158] [warning] Couldn't find file 'middle_medial_rvs.vtp'.
[2023-08-01 16:51:03.158] [warning] Couldn't find file 'middle_distal_rvs.vtp'.
[2023-08-01 16:51:03.158] [warning] Couldn't find file 'metacarpal4_rvs.vtp'.
[2023-08-01 16:51:03.159] [warning] Couldn't find file 'ring_proximal_rvs.vtp'.
[2023-08-01 16:51:03.159] [warning] Couldn't find file 'ring_medial_rvs.vtp'.
[2023-08-01 16:51:03.159] [warning] Couldn't find file 'ring_distal_rvs.vtp'.
[2023-08-01 16:51:03.159] [warning] Couldn't find file 'metacarpal5_rvs.vtp'.
[2023-08-01 16:51:03.160] [warning] Couldn't find file 'little_proximal_rvs.vtp'.
[2023-08-01 16:51:03.160] [warning] Couldn't find file 'little_medial_rvs.vtp'.
[2023-08-01 16:51:03.160] [warning] Couldn't find file 'little_distal_rvs.vtp'.
[2023-08-01 16:51:03.160] [warning] Couldn't find file 'metacarpal1_rvs.vtp'.
[2023-08-01 16:51:03.160] [warning] Couldn't find file 'thumb_proximal_rvs.vtp'.
[2023-08-01 16:51:03.161] [warning] Couldn't find file 'thumb_distal_rvs.vtp'.
[2023-08-01 16:51:03.161] [warning] Couldn't find file 'humerus_lv.vtp'.
[2023-08-01 16:51:03.161] [warning] Couldn't find file 'ulna_lv.vtp'.
[2023-08-01 16:51:03.162] [warning] Couldn't find file 'radius_lv.vtp'.
[2023-08-01 16:51:03.163] [warning] Couldn't find file 'pisiform_lvs.vtp'.
[2023-08-01 16:51:03.164] [warning] Couldn't find file 'lunate_lvs.vtp'.
[2023-08-01 16:51:03.165] [warning] Couldn't find file 'scaphoid_lvs.vtp'.
[2023-08-01 16:51:03.166] [warning] Couldn't find file 'triquetrum_lvs.vtp'.
[2023-08-01 16:51:03.167] [warning] Couldn't find file 'hamate_lvs.vtp'.
[2023-08-01 16:51:03.168] [warning] Couldn't find file 'capitate_lvs.vtp'.
[2023-08-01 16:51:03.169] [warning] Couldn't find file 'trapezoid_lvs.vtp'.
[2023-08-01 16:51:03.170] [warning] Couldn't find file 'trapezium_lvs.vtp'.
[2023-08-01 16:51:03.171] [warning] Couldn't find file 'metacarpal2_lvs.vtp'.
[2023-08-01 16:51:03.171] [warning] Couldn't find file 'index_proximal_lvs.vtp'.
[2023-08-01 16:51:03.171] [warning] Couldn't find file 'index_medial_lvs.vtp'.
[2023-08-01 16:51:03.171] [warning] Couldn't find file 'index_distal_lvs.vtp'.
[2023-08-01 16:51:03.172] [warning] Couldn't find file 'metacarpal3_lvs.vtp'.
[2023-08-01 16:51:03.172] [warning] Couldn't find file 'middle_proximal_lvs.vtp'.
[2023-08-01 16:51:03.172] [warning] Couldn't find file 'middle_medial_lvs.vtp'.
[2023-08-01 16:51:03.173] [warning] Couldn't find file 'middle_distal_lvs.vtp'.
[2023-08-01 16:51:03.173] [warning] Couldn't find file 'metacarpal4_lvs.vtp'.
[2023-08-01 16:51:03.173] [warning] Couldn't find file 'ring_proximal_lvs.vtp'.
[2023-08-01 16:51:03.174] [warning] Couldn't find file 'ring_medial_lvs.vtp'.
[2023-08-01 16:51:03.174] [warning] Couldn't find file 'ring_distal_lvs.vtp'.
[2023-08-01 16:51:03.174] [warning] Couldn't find file 'metacarpal5_lvs.vtp'.
[2023-08-01 16:51:03.174] [warning] Couldn't find file 'little_proximal_lvs.vtp'.
[2023-08-01 16:51:03.175] [warning] Couldn't find file 'little_medial_lvs.vtp'.
[2023-08-01 16:51:03.175] [warning] Couldn't find file 'little_distal_lvs.vtp'.
[2023-08-01 16:51:03.176] [warning] Couldn't find file 'metacarpal1_lvs.vtp'.
[2023-08-01 16:51:03.176] [warning] Couldn't find file 'thumb_proximal_lvs.vtp'.
[2023-08-01 16:51:03.176] [warning] Couldn't find file 'thumb_distal_lvs.vtp'.
[2023-08-01 16:56:10.241] [info] Loaded model LaiUhlrich2022 from file I:\Shared drives\HPL_MASPL\ProcessedData\LaiUhlrich2022_marked.osim
[2023-08-01 16:56:10.243] [warning] Couldn't find file 'r_pelvis.vtp'.
[2023-08-01 16:56:10.243] [warning] Couldn't find file 'l_pelvis.vtp'.
[2023-08-01 16:56:10.243] [warning] Couldn't find file 'sacrum.vtp'.
[2023-08-01 16:56:10.244] [warning] Couldn't find file 'r_femur.vtp'.
[2023-08-01 16:56:10.244] [warning] Couldn't find file 'r_tibia.vtp'.
[2023-08-01 16:56:10.244] [warning] Couldn't find file 'r_fibula.vtp'.
[2023-08-01 16:56:10.245] [warning] Couldn't find file 'r_patella.vtp'.
[2023-08-01 16:56:10.245] [warning] Couldn't find file 'r_talus.vtp'.
[2023-08-01 16:56:10.245] [warning] Couldn't find file 'r_foot.vtp'.
[2023-08-01 16:56:10.246] [warning] Couldn't find file 'r_bofoot.vtp'.
[2023-08-01 16:56:10.246] [warning] Couldn't find file 'l_femur.vtp'.
[2023-08-01 16:56:10.247] [warning] Couldn't find file 'l_tibia.vtp'.
[2023-08-01 16:56:10.247] [warning] Couldn't find file 'l_fibula.vtp'.
[2023-08-01 16:56:10.247] [warning] Couldn't find file 'l_patella.vtp'.
[2023-08-01 16:56:10.248] [warning] Couldn't find file 'l_talus.vtp'.
[2023-08-01 16:56:10.248] [warning] Couldn't find file 'l_foot.vtp'.
[2023-08-01 16:56:10.249] [warning] Couldn't find file 'l_bofoot.vtp'.
[2023-08-01 16:56:10.249] [warning] Couldn't find file 'hat_spine.vtp'.
[2023-08-01 16:56:10.249] [warning] Couldn't find file 'hat_jaw.vtp'.
[2023-08-01 16:56:10.250] [warning] Couldn't find file 'hat_skull.vtp'.
[2023-08-01 16:56:10.250] [warning] Couldn't find file 'hat_ribs_scap.vtp'.
[2023-08-01 16:56:10.250] [warning] Couldn't find file 'humerus_rv.vtp'.
[2023-08-01 16:56:10.251] [warning] Couldn't find file 'ulna_rv.vtp'.
[2023-08-01 16:56:10.251] [warning] Couldn't find file 'radius_rv.vtp'.
[2023-08-01 16:56:10.251] [warning] Couldn't find file 'pisiform_rvs.vtp'.
[2023-08-01 16:56:10.252] [warning] Couldn't find file 'lunate_rvs.vtp'.
[2023-08-01 16:56:10.252] [warning] Couldn't find file 'scaphoid_rvs.vtp'.
[2023-08-01 16:56:10.252] [warning] Couldn't find file 'triquetrum_rvs.vtp'.
[2023-08-01 16:56:10.253] [warning] Couldn't find file 'hamate_rvs.vtp'.
[2023-08-01 16:56:10.253] [warning] Couldn't find file 'capitate_rvs.vtp'.
[2023-08-01 16:56:10.253] [warning] Couldn't find file 'trapezoid_rvs.vtp'.
[2023-08-01 16:56:10.254] [warning] Couldn't find file 'trapezium_rvs.vtp'.
[2023-08-01 16:56:10.254] [warning] Couldn't find file 'metacarpal2_rvs.vtp'.
[2023-08-01 16:56:10.254] [warning] Couldn't find file 'index_proximal_rvs.vtp'.
[2023-08-01 16:56:10.255] [warning] Couldn't find file 'index_medial_rvs.vtp'.
[2023-08-01 16:56:10.255] [warning] Couldn't find file 'index_distal_rvs.vtp'.
[2023-08-01 16:56:10.255] [warning] Couldn't find file 'metacarpal3_rvs.vtp'.
[2023-08-01 16:56:10.255] [warning] Couldn't find file 'middle_proximal_rvs.vtp'.
[2023-08-01 16:56:10.256] [warning] Couldn't find file 'middle_medial_rvs.vtp'.
[2023-08-01 16:56:10.257] [warning] Couldn't find file 'middle_distal_rvs.vtp'.
[2023-08-01 16:56:10.257] [warning] Couldn't find file 'metacarpal4_rvs.vtp'.
[2023-08-01 16:56:10.258] [warning] Couldn't find file 'ring_proximal_rvs.vtp'.
[2023-08-01 16:56:10.258] [warning] Couldn't find file 'ring_medial_rvs.vtp'.
[2023-08-01 16:56:10.259] [warning] Couldn't find file 'ring_distal_rvs.vtp'.
[2023-08-01 16:56:10.259] [warning] Couldn't find file 'metacarpal5_rvs.vtp'.
[2023-08-01 16:56:10.259] [warning] Couldn't find file 'little_proximal_rvs.vtp'.
[2023-08-01 16:56:10.259] [warning] Couldn't find file 'little_medial_rvs.vtp'.
[2023-08-01 16:56:10.260] [warning] Couldn't find file 'little_distal_rvs.vtp'.
[2023-08-01 16:56:10.260] [warning] Couldn't find file 'metacarpal1_rvs.vtp'.
[2023-08-01 16:56:10.260] [warning] Couldn't find file 'thumb_proximal_rvs.vtp'.
[2023-08-01 16:56:10.260] [warning] Couldn't find file 'thumb_distal_rvs.vtp'.
[2023-08-01 16:56:10.261] [warning] Couldn't find file 'humerus_lv.vtp'.
[2023-08-01 16:56:10.261] [warning] Couldn't find file 'ulna_lv.vtp'.
[2023-08-01 16:56:10.261] [warning] Couldn't find file 'radius_lv.vtp'.
[2023-08-01 16:56:10.261] [warning] Couldn't find file 'pisiform_lvs.vtp'.
[2023-08-01 16:56:10.262] [warning] Couldn't find file 'lunate_lvs.vtp'.
[2023-08-01 16:56:10.262] [warning] Couldn't find file 'scaphoid_lvs.vtp'.
[2023-08-01 16:56:10.262] [warning] Couldn't find file 'triquetrum_lvs.vtp'.
[2023-08-01 16:56:10.262] [warning] Couldn't find file 'hamate_lvs.vtp'.
[2023-08-01 16:56:10.263] [warning] Couldn't find file 'capitate_lvs.vtp'.
[2023-08-01 16:56:10.263] [warning] Couldn't find file 'trapezoid_lvs.vtp'.
[2023-08-01 16:56:10.263] [warning] Couldn't find file 'trapezium_lvs.vtp'.
[2023-08-01 16:56:10.264] [warning] Couldn't find file 'metacarpal2_lvs.vtp'.
[2023-08-01 16:56:10.264] [warning] Couldn't find file 'index_proximal_lvs.vtp'.
[2023-08-01 16:56:10.264] [warning] Couldn't find file 'index_medial_lvs.vtp'.
[2023-08-01 16:56:10.264] [warning] Couldn't find file 'index_distal_lvs.vtp'.
[2023-08-01 16:56:10.265] [warning] Couldn't find file 'metacarpal3_lvs.vtp'.
[2023-08-01 16:56:10.265] [warning] Couldn't find file 'middle_proximal_lvs.vtp'.
[2023-08-01 16:56:10.265] [warning] Couldn't find file 'middle_medial_lvs.vtp'.
[2023-08-01 16:56:10.265] [warning] Couldn't find file 'middle_distal_lvs.vtp'.
[2023-08-01 16:56:10.266] [warning] Couldn't find file 'metacarpal4_lvs.vtp'.
[2023-08-01 16:56:10.266] [warning] Couldn't find file 'ring_proximal_lvs.vtp'.
[2023-08-01 16:56:10.266] [warning] Couldn't find file 'ring_medial_lvs.vtp'.
[2023-08-01 16:56:10.267] [warning] Couldn't find file 'ring_distal_lvs.vtp'.
[2023-08-01 16:56:10.267] [warning] Couldn't find file 'metacarpal5_lvs.vtp'.
[2023-08-01 16:56:10.267] [warning] Couldn't find file 'little_proximal_lvs.vtp'.
[2023-08-01 16:56:10.267] [warning] Couldn't find file 'little_medial_lvs.vtp'.
[2023-08-01 16:56:10.268] [warning] Couldn't find file 'little_distal_lvs.vtp'.
[2023-08-01 16:56:10.268] [warning] Couldn't find file 'metacarpal1_lvs.vtp'.
[2023-08-01 16:56:10.268] [warning] Couldn't find file 'thumb_proximal_lvs.vtp'.
[2023-08-01 16:56:10.269] [warning] Couldn't find file 'thumb_distal_lvs.vtp'.
[2023-08-01 16:58:08.665] [info] Loaded model LaiUhlrich2022 from file I:\Shared drives\HPL_MASPL\ProcessedData\LaiUhlrich2022_marked.osim
[2023-08-01 16:58:08.666] [warning] Couldn't find file 'r_pelvis.vtp'.
[2023-08-01 16:58:08.666] [warning] Couldn't find file 'l_pelvis.vtp'.
[2023-08-01 16:58:08.667] [warning] Couldn't find file 'sacrum.vtp'.
[2023-08-01 16:58:08.667] [warning] Couldn't find file 'r_femur.vtp'.
[2023-08-01 16:58:08.667] [warning] Couldn't find file 'r_tibia.vtp'.
[2023-08-01 16:58:08.668] [warning] Couldn't find file 'r_fibula.vtp'.
[2023-08-01 16:58:08.668] [warning] Couldn't find file 'r_patella.vtp'.
[2023-08-01 16:58:08.668] [warning] Couldn't find file 'r_talus.vtp'.
[2023-08-01 16:58:08.669] [warning] Couldn't find file 'r_foot.vtp'.
[2023-08-01 16:58:08.669] [warning] Couldn't find file 'r_bofoot.vtp'.
[2023-08-01 16:58:08.669] [warning] Couldn't find file 'l_femur.vtp'.
[2023-08-01 16:58:08.669] [warning] Couldn't find file 'l_tibia.vtp'.
[2023-08-01 16:58:08.670] [warning] Couldn't find file 'l_fibula.vtp'.
[2023-08-01 16:58:08.670] [warning] Couldn't find file 'l_patella.vtp'.
[2023-08-01 16:58:08.671] [warning] Couldn't find file 'l_talus.vtp'.
[2023-08-01 16:58:08.671] [warning] Couldn't find file 'l_foot.vtp'.
[2023-08-01 16:58:08.672] [warning] Couldn't find file 'l_bofoot.vtp'.
[2023-08-01 16:58:08.672] [warning] Couldn't find file 'hat_spine.vtp'.
[2023-08-01 16:58:08.673] [warning] Couldn't find file 'hat_jaw.vtp'.
[2023-08-01 16:58:08.673] [warning] Couldn't find file 'hat_skull.vtp'.
[2023-08-01 16:58:08.673] [warning] Couldn't find file 'hat_ribs_scap.vtp'.
[2023-08-01 16:58:08.674] [warning] Couldn't find file 'humerus_rv.vtp'.
[2023-08-01 16:58:08.674] [warning] Couldn't find file 'ulna_rv.vtp'.
[2023-08-01 16:58:08.674] [warning] Couldn't find file 'radius_rv.vtp'.
[2023-08-01 16:58:08.675] [warning] Couldn't find file 'pisiform_rvs.vtp'.
[2023-08-01 16:58:08.675] [warning] Couldn't find file 'lunate_rvs.vtp'.
[2023-08-01 16:58:08.675] [warning] Couldn't find file 'scaphoid_rvs.vtp'.
[2023-08-01 16:58:08.676] [warning] Couldn't find file 'triquetrum_rvs.vtp'.
[2023-08-01 16:58:08.676] [warning] Couldn't find file 'hamate_rvs.vtp'.
[2023-08-01 16:58:08.676] [warning] Couldn't find file 'capitate_rvs.vtp'.
[2023-08-01 16:58:08.677] [warning] Couldn't find file 'trapezoid_rvs.vtp'.
[2023-08-01 16:58:08.677] [warning] Couldn't find file 'trapezium_rvs.vtp'.
[2023-08-01 16:58:08.677] [warning] Couldn't find file 'metacarpal2_rvs.vtp'.
[2023-08-01 16:58:08.678] [warning] Couldn't find file 'index_proximal_rvs.vtp'.
[2023-08-01 16:58:08.678] [warning] Couldn't find file 'index_medial_rvs.vtp'.
[2023-08-01 16:58:08.678] [warning] Couldn't find file 'index_distal_rvs.vtp'.
[2023-08-01 16:58:08.679] [warning] Couldn't find file 'metacarpal3_rvs.vtp'.
[2023-08-01 16:58:08.679] [warning] Couldn't find file 'middle_proximal_rvs.vtp'.
[2023-08-01 16:58:08.679] [warning] Couldn't find file 'middle_medial_rvs.vtp'.
[2023-08-01 16:58:08.680] [warning] Couldn't find file 'middle_distal_rvs.vtp'.
[2023-08-01 16:58:08.680] [warning] Couldn't find file 'metacarpal4_rvs.vtp'.
[2023-08-01 16:58:08.680] [warning] Couldn't find file 'ring_proximal_rvs.vtp'.
[2023-08-01 16:58:08.681] [warning] Couldn't find file 'ring_medial_rvs.vtp'.
[2023-08-01 16:58:08.681] [warning] Couldn't find file 'ring_distal_rvs.vtp'.
[2023-08-01 16:58:08.681] [warning] Couldn't find file 'metacarpal5_rvs.vtp'.
[2023-08-01 16:58:08.682] [warning] Couldn't find file 'little_proximal_rvs.vtp'.
[2023-08-01 16:58:08.682] [warning] Couldn't find file 'little_medial_rvs.vtp'.
[2023-08-01 16:58:08.682] [warning] Couldn't find file 'little_distal_rvs.vtp'.
[2023-08-01 16:58:08.683] [warning] Couldn't find file 'metacarpal1_rvs.vtp'.
[2023-08-01 16:58:08.683] [warning] Couldn't find file 'thumb_proximal_rvs.vtp'.
[2023-08-01 16:58:08.683] [warning] Couldn't find file 'thumb_distal_rvs.vtp'.
[2023-08-01 16:58:08.683] [warning] Couldn't find file 'humerus_lv.vtp'.
[2023-08-01 16:58:08.684] [warning] Couldn't find file 'ulna_lv.vtp'.
[2023-08-01 16:58:08.684] [warning] Couldn't find file 'radius_lv.vtp'.
[2023-08-01 16:58:08.684] [warning] Couldn't find file 'pisiform_lvs.vtp'.
[2023-08-01 16:58:08.685] [warning] Couldn't find file 'lunate_lvs.vtp'.
[2023-08-01 16:58:08.685] [warning] Couldn't find file 'scaphoid_lvs.vtp'.
[2023-08-01 16:58:08.685] [warning] Couldn't find file 'triquetrum_lvs.vtp'.
[2023-08-01 16:58:08.686] [warning] Couldn't find file 'hamate_lvs.vtp'.
[2023-08-01 16:58:08.686] [warning] Couldn't find file 'capitate_lvs.vtp'.
[2023-08-01 16:58:08.686] [warning] Couldn't find file 'trapezoid_lvs.vtp'.
[2023-08-01 16:58:08.687] [warning] Couldn't find file 'trapezium_lvs.vtp'.
[2023-08-01 16:58:08.687] [warning] Couldn't find file 'metacarpal2_lvs.vtp'.
[2023-08-01 16:58:08.687] [warning] Couldn't find file 'index_proximal_lvs.vtp'.
[2023-08-01 16:58:08.688] [warning] Couldn't find file 'index_medial_lvs.vtp'.
[2023-08-01 16:58:08.688] [warning] Couldn't find file 'index_distal_lvs.vtp'.
[2023-08-01 16:58:08.688] [warning] Couldn't find file 'metacarpal3_lvs.vtp'.
[2023-08-01 16:58:08.689] [warning] Couldn't find file 'middle_proximal_lvs.vtp'.
[2023-08-01 16:58:08.689] [warning] Couldn't find file 'middle_medial_lvs.vtp'.
[2023-08-01 16:58:08.689] [warning] Couldn't find file 'middle_distal_lvs.vtp'.
[2023-08-01 16:58:08.690] [warning] Couldn't find file 'metacarpal4_lvs.vtp'.
[2023-08-01 16:58:08.690] [warning] Couldn't find file 'ring_proximal_lvs.vtp'.
[2023-08-01 16:58:08.690] [warning] Couldn't find file 'ring_medial_lvs.vtp'.
[2023-08-01 16:58:08.690] [warning] Couldn't find file 'ring_distal_lvs.vtp'.
[2023-08-01 16:58:08.691] [warning] Couldn't find file 'metacarpal5_lvs.vtp'.
[2023-08-01 16:58:08.691] [warning] Couldn't find file 'little_proximal_lvs.vtp'.
[2023-08-01 16:58:08.691] [warning] Couldn't find file 'little_medial_lvs.vtp'.
[2023-08-01 16:58:08.692] [warning] Couldn't find file 'little_distal_lvs.vtp'.
[2023-08-01 16:58:08.692] [warning] Couldn't find file 'metacarpal1_lvs.vtp'.
[2023-08-01 16:58:08.692] [warning] Couldn't find file 'thumb_proximal_lvs.vtp'.
[2023-08-01 16:58:08.693] [warning] Couldn't find file 'thumb_distal_lvs.vtp'.
[2023-08-01 16:59:33.812] [info] Loaded model LaiUhlrich2022 from file I:\Shared drives\HPL_MASPL\ProcessedData\LaiUhlrich2022_marked.osim
[2023-08-01 16:59:33.813] [warning] Couldn't find file 'r_pelvis.vtp'.
[2023-08-01 16:59:33.813] [warning] Couldn't find file 'l_pelvis.vtp'.
[2023-08-01 16:59:33.813] [warning] Couldn't find file 'sacrum.vtp'.
[2023-08-01 16:59:33.814] [warning] Couldn't find file 'r_femur.vtp'.
[2023-08-01 16:59:33.814] [warning] Couldn't find file 'r_tibia.vtp'.
[2023-08-01 16:59:33.814] [warning] Couldn't find file 'r_fibula.vtp'.
[2023-08-01 16:59:33.815] [warning] Couldn't find file 'r_patella.vtp'.
[2023-08-01 16:59:33.815] [warning] Couldn't find file 'r_talus.vtp'.
[2023-08-01 16:59:33.815] [warning] Couldn't find file 'r_foot.vtp'.
[2023-08-01 16:59:33.815] [warning] Couldn't find file 'r_bofoot.vtp'.
[2023-08-01 16:59:33.816] [warning] Couldn't find file 'l_femur.vtp'.
[2023-08-01 16:59:33.816] [warning] Couldn't find file 'l_tibia.vtp'.
[2023-08-01 16:59:33.816] [warning] Couldn't find file 'l_fibula.vtp'.
[2023-08-01 16:59:33.816] [warning] Couldn't find file 'l_patella.vtp'.
[2023-08-01 16:59:33.817] [warning] Couldn't find file 'l_talus.vtp'.
[2023-08-01 16:59:33.817] [warning] Couldn't find file 'l_foot.vtp'.
[2023-08-01 16:59:33.817] [warning] Couldn't find file 'l_bofoot.vtp'.
[2023-08-01 16:59:33.817] [warning] Couldn't find file 'hat_spine.vtp'.
[2023-08-01 16:59:33.818] [warning] Couldn't find file 'hat_jaw.vtp'.
[2023-08-01 16:59:33.818] [warning] Couldn't find file 'hat_skull.vtp'.
[2023-08-01 16:59:33.818] [warning] Couldn't find file 'hat_ribs_scap.vtp'.
[2023-08-01 16:59:33.818] [warning] Couldn't find file 'humerus_rv.vtp'.
[2023-08-01 16:59:33.819] [warning] Couldn't find file 'ulna_rv.vtp'.
[2023-08-01 16:59:33.819] [warning] Couldn't find file 'radius_rv.vtp'.
[2023-08-01 16:59:33.819] [warning] Couldn't find file 'pisiform_rvs.vtp'.
[2023-08-01 16:59:33.819] [warning] Couldn't find file 'lunate_rvs.vtp'.
[2023-08-01 16:59:33.819] [warning] Couldn't find file 'scaphoid_rvs.vtp'.
[2023-08-01 16:59:33.820] [warning] Couldn't find file 'triquetrum_rvs.vtp'.
[2023-08-01 16:59:33.820] [warning] Couldn't find file 'hamate_rvs.vtp'.
[2023-08-01 16:59:33.820] [warning] Couldn't find file 'capitate_rvs.vtp'.
[2023-08-01 16:59:33.820] [warning] Couldn't find file 'trapezoid_rvs.vtp'.
[2023-08-01 16:59:33.821] [warning] Couldn't find file 'trapezium_rvs.vtp'.
[2023-08-01 16:59:33.821] [warning] Couldn't find file 'metacarpal2_rvs.vtp'.
[2023-08-01 16:59:33.821] [warning] Couldn't find file 'index_proximal_rvs.vtp'.
[2023-08-01 16:59:33.821] [warning] Couldn't find file 'index_medial_rvs.vtp'.
[2023-08-01 16:59:33.821] [warning] Couldn't find file 'index_distal_rvs.vtp'.
[2023-08-01 16:59:33.822] [warning] Couldn't find file 'metacarpal3_rvs.vtp'.
[2023-08-01 16:59:33.822] [warning] Couldn't find file 'middle_proximal_rvs.vtp'.
[2023-08-01 16:59:33.822] [warning] Couldn't find file 'middle_medial_rvs.vtp'.
[2023-08-01 16:59:33.822] [warning] Couldn't find file 'middle_distal_rvs.vtp'.
[2023-08-01 16:59:33.823] [warning] Couldn't find file 'metacarpal4_rvs.vtp'.
[2023-08-01 16:59:33.823] [warning] Couldn't find file 'ring_proximal_rvs.vtp'.
[2023-08-01 16:59:33.823] [warning] Couldn't find file 'ring_medial_rvs.vtp'.
[2023-08-01 16:59:33.823] [warning] Couldn't find file 'ring_distal_rvs.vtp'.
[2023-08-01 16:59:33.824] [warning] Couldn't find file 'metacarpal5_rvs.vtp'.
[2023-08-01 16:59:33.824] [warning] Couldn't find file 'little_proximal_rvs.vtp'.
[2023-08-01 16:59:33.824] [warning] Couldn't find file 'little_medial_rvs.vtp'.
[2023-08-01 16:59:33.824] [warning] Couldn't find file 'little_distal_rvs.vtp'.
[2023-08-01 16:59:33.824] [warning] Couldn't find file 'metacarpal1_rvs.vtp'.
[2023-08-01 16:59:33.825] [warning] Couldn't find file 'thumb_proximal_rvs.vtp'.
[2023-08-01 16:59:33.825] [warning] Couldn't find file 'thumb_distal_rvs.vtp'.
[2023-08-01 16:59:33.825] [warning] Couldn't find file 'humerus_lv.vtp'.
[2023-08-01 16:59:33.825] [warning] Couldn't find file 'ulna_lv.vtp'.
[2023-08-01 16:59:33.826] [warning] Couldn't find file 'radius_lv.vtp'.
[2023-08-01 16:59:33.826] [warning] Couldn't find file 'pisiform_lvs.vtp'.
[2023-08-01 16:59:33.826] [warning] Couldn't find file 'lunate_lvs.vtp'.
[2023-08-01 16:59:33.826] [warning] Couldn't find file 'scaphoid_lvs.vtp'.
[2023-08-01 16:59:33.827] [warning] Couldn't find file 'triquetrum_lvs.vtp'.
[2023-08-01 16:59:33.827] [warning] Couldn't find file 'hamate_lvs.vtp'.
[2023-08-01 16:59:33.827] [warning] Couldn't find file 'capitate_lvs.vtp'.
[2023-08-01 16:59:33.827] [warning] Couldn't find file 'trapezoid_lvs.vtp'.
[2023-08-01 16:59:33.827] [warning] Couldn't find file 'trapezium_lvs.vtp'.
[2023-08-01 16:59:33.828] [warning] Couldn't find file 'metacarpal2_lvs.vtp'.
[2023-08-01 16:59:33.828] [warning] Couldn't find file 'index_proximal_lvs.vtp'.
[2023-08-01 16:59:33.828] [warning] Couldn't find file 'index_medial_lvs.vtp'.
[2023-08-01 16:59:33.828] [warning] Couldn't find file 'index_distal_lvs.vtp'.
[2023-08-01 16:59:33.829] [warning] Couldn't find file 'metacarpal3_lvs.vtp'.
[2023-08-01 16:59:33.829] [warning] Couldn't find file 'middle_proximal_lvs.vtp'.
[2023-08-01 16:59:33.829] [warning] Couldn't find file 'middle_medial_lvs.vtp'.
[2023-08-01 16:59:33.829] [warning] Couldn't find file 'middle_distal_lvs.vtp'.
[2023-08-01 16:59:33.829] [warning] Couldn't find file 'metacarpal4_lvs.vtp'.
[2023-08-01 16:59:33.830] [warning] Couldn't find file 'ring_proximal_lvs.vtp'.
[2023-08-01 16:59:33.830] [warning] Couldn't find file 'ring_medial_lvs.vtp'.
[2023-08-01 16:59:33.830] [warning] Couldn't find file 'ring_distal_lvs.vtp'.
[2023-08-01 16:59:33.830] [warning] Couldn't find file 'metacarpal5_lvs.vtp'.
[2023-08-01 16:59:33.831] [warning] Couldn't find file 'little_proximal_lvs.vtp'.
[2023-08-01 16:59:33.831] [warning] Couldn't find file 'little_medial_lvs.vtp'.
[2023-08-01 16:59:33.831] [warning] Couldn't find file 'little_distal_lvs.vtp'.
[2023-08-01 16:59:33.831] [warning] Couldn't find file 'metacarpal1_lvs.vtp'.
[2023-08-01 16:59:33.832] [warning] Couldn't find file 'thumb_proximal_lvs.vtp'.
[2023-08-01 16:59:33.832] [warning] Couldn't find file 'thumb_distal_lvs.vtp'.
[2023-08-01 16:59:33.934] [info] Loaded marker file I:\Shared drives\HPL_MASPL\ProcessedData\S1003\\ProcessedMARKERS\S1003_STATIC.trc (36 markers, 544 frames)
